<?xml version="1.0" encoding="UTF-8"?>
<!-- Generated by org.testng.reporters.JUnitReportReporter -->
<testsuite hostname="DESKTOP-1P2NTUB" failures="0" tests="1" name="Test01_GET" time="0.940" errors="0" timestamp="2023-03-10T00:12:20 CET" skipped="0">
  <testcase classname="Test01_GET" name="test_01" time="0.940"/>
  <system-out/>
</testsuite> <!-- Test01_GET -->
