<?xml version="1.0" encoding="UTF-8"?>
<!-- Generated by org.testng.reporters.JUnitReportReporter -->
<testsuite hostname="DESKTOP-1P2NTUB" failures="0" tests="3" name="Tests" time="0.753" errors="0" timestamp="2023-03-10T02:43:31 CET" skipped="0">
  <testcase classname="Tests" name="test_02_PUT" time="0.038"/>
  <system-out/>
  <testcase classname="Tests" name="test_01_POST" time="0.686"/>
  <system-out/>
  <testcase classname="Tests" name="test_03_GET" time="0.029"/>
  <system-out/>
</testsuite> <!-- Tests -->
