<?xml version="1.0" encoding="UTF-8"?>
<!-- Generated by org.testng.reporters.JUnitReportReporter -->
<testsuite hostname="DESKTOP-1P2NTUB" failures="0" tests="3" name="Test01_GET" time="0.791" errors="0" timestamp="2023-03-10T02:41:27 CET" skipped="0">
  <testcase classname="Test01_GET" name="test_01_POST" time="0.715"/>
  <system-out/>
  <testcase classname="Test01_GET" name="test_03_GET" time="0.029"/>
  <system-out/>
  <testcase classname="Test01_GET" name="test_02_PUT" time="0.047"/>
  <system-out/>
</testsuite> <!-- Test01_GET -->
